# JRE version: OpenJDK Runtime Environment (8.0_242-b01) (build 1.8.0_242-release-1644-b01)
# Java VM: OpenJDK 64-Bit Server VM (25.242-b01 mixed mode windows-amd64 compressed oops)
Heap:
 PSYoungGen      total 325120K, used 131070K [0x00000000d5580000, 0x00000000f2900000, 0x0000000100000000)
  eden space 293376K, 33% used [0x00000000d5580000,0x00000000db686380,0x00000000e7400000)
  from space 31744K, 99% used [0x00000000ea980000,0x00000000ec8795a8,0x00000000ec880000)
  to   space 54784K, 0% used [0x00000000e7400000,0x00000000e7400000,0x00000000ea980000)
 ParOldGen       total 125440K, used 94604K [0x0000000080000000, 0x0000000087a80000, 0x00000000d5580000)
  object space 125440K, 75% used [0x0000000080000000,0x0000000085c63180,0x0000000087a80000)
 Metaspace       used 84898K, capacity 89482K, committed 89688K, reserved 1126400K
  class space    used 11721K, capacity 12621K, committed 12672K, reserved 1048576K
GC Heap History (10 events):
Event: 21.317 GC heap before
{Heap before GC invocations=11 (full 2):
 PSYoungGen      total 241664K, used 150738K [0x00000000d5580000, 0x00000000e8980000, 0x0000000100000000)
  eden space 227840K, 60% used [0x00000000d5580000,0x00000000ddb387a0,0x00000000e3400000)
  from space 13824K, 99% used [0x00000000e4500000,0x00000000e527c0f8,0x00000000e5280000)
  to   space 17408K, 0% used [0x00000000e3400000,0x00000000e3400000,0x00000000e4500000)
 ParOldGen       total 79360K, used 19986K [0x0000000080000000, 0x0000000084d80000, 0x00000000d5580000)
  object space 79360K, 25% used [0x0000000080000000,0x0000000081384940,0x0000000084d80000)
 Metaspace       used 56440K, capacity 58860K, committed 58968K, reserved 1099776K
  class space    used 7727K, capacity 8253K, committed 8320K, reserved 1048576K
Event: 21.479 GC heap after
Heap after GC invocations=11 (full 2):
 PSYoungGen      total 245248K, used 17404K [0x00000000d5580000, 0x00000000ea980000, 0x0000000100000000)
  eden space 227840K, 0% used [0x00000000d5580000,0x00000000d5580000,0x00000000e3400000)
  from space 17408K, 99% used [0x00000000e3400000,0x00000000e44ff320,0x00000000e4500000)
  to   space 23040K, 0% used [0x00000000e9300000,0x00000000e9300000,0x00000000ea980000)
 ParOldGen       total 79360K, used 27058K [0x0000000080000000, 0x0000000084d80000, 0x00000000d5580000)
  object space 79360K, 34% used [0x0000000080000000,0x0000000081a6ca18,0x0000000084d80000)
 Metaspace       used 56440K, capacity 58860K, committed 58968K, reserved 1099776K
  class space    used 7727K, capacity 8253K, committed 8320K, reserved 1048576K
}
Event: 21.490 GC heap before
{Heap before GC invocations=12 (full 3):
 PSYoungGen      total 245248K, used 17404K [0x00000000d5580000, 0x00000000ea980000, 0x0000000100000000)
  eden space 227840K, 0% used [0x00000000d5580000,0x00000000d5580000,0x00000000e3400000)
  from space 17408K, 99% used [0x00000000e3400000,0x00000000e44ff320,0x00000000e4500000)
  to   space 23040K, 0% used [0x00000000e9300000,0x00000000e9300000,0x00000000ea980000)
 ParOldGen       total 79360K, used 27058K [0x0000000080000000, 0x0000000084d80000, 0x00000000d5580000)
  object space 79360K, 34% used [0x0000000080000000,0x0000000081a6ca18,0x0000000084d80000)
 Metaspace       used 56440K, capacity 58860K, committed 58968K, reserved 1099776K
  class space    used 7727K, capacity 8253K, committed 8320K, reserved 1048576K
Event: 22.313 GC heap after
Heap after GC invocations=12 (full 3):
 PSYoungGen      total 245248K, used 0K [0x00000000d5580000, 0x00000000ea980000, 0x0000000100000000)
  eden space 227840K, 0% used [0x00000000d5580000,0x00000000d5580000,0x00000000e3400000)
  from space 17408K, 0% used [0x00000000e3400000,0x00000000e3400000,0x00000000e4500000)
  to   space 23040K, 0% used [0x00000000e9300000,0x00000000e9300000,0x00000000ea980000)
 ParOldGen       total 125440K, used 36527K [0x0000000080000000, 0x0000000087a80000, 0x00000000d5580000)
  object space 125440K, 29% used [0x0000000080000000,0x00000000823abea0,0x0000000087a80000)
 Metaspace       used 56393K, capacity 58698K, committed 58968K, reserved 1099776K
  class space    used 7712K, capacity 8226K, committed 8320K, reserved 1048576K
}
Event: 36.681 GC heap before
{Heap before GC invocations=13 (full 3):
 PSYoungGen      total 245248K, used 227840K [0x00000000d5580000, 0x00000000ea980000, 0x0000000100000000)
  eden space 227840K, 100% used [0x00000000d5580000,0x00000000e3400000,0x00000000e3400000)
  from space 17408K, 0% used [0x00000000e3400000,0x00000000e3400000,0x00000000e4500000)
  to   space 23040K, 0% used [0x00000000e9300000,0x00000000e9300000,0x00000000ea980000)
 ParOldGen       total 125440K, used 36527K [0x0000000080000000, 0x0000000087a80000, 0x00000000d5580000)
  object space 125440K, 29% used [0x0000000080000000,0x00000000823abea0,0x0000000087a80000)
 Metaspace       used 66758K, capacity 69964K, committed 69976K, reserved 1110016K
  class space    used 9183K, capacity 9853K, committed 9856K, reserved 1048576K
Event: 36.765 GC heap after
Heap after GC invocations=13 (full 3):
 PSYoungGen      total 284672K, used 18725K [0x00000000d5580000, 0x00000000ea580000, 0x0000000100000000)
  eden space 265728K, 0% used [0x00000000d5580000,0x00000000d5580000,0x00000000e5900000)
  from space 18944K, 98% used [0x00000000e9300000,0x00000000ea5494d0,0x00000000ea580000)
  to   space 25088K, 0% used [0x00000000e7480000,0x00000000e7480000,0x00000000e8d00000)
 ParOldGen       total 125440K, used 36535K [0x0000000080000000, 0x0000000087a80000, 0x00000000d5580000)
  object space 125440K, 29% used [0x0000000080000000,0x00000000823adea0,0x0000000087a80000)
 Metaspace       used 66758K, capacity 69964K, committed 69976K, reserved 1110016K
  class space    used 9183K, capacity 9853K, committed 9856K, reserved 1048576K
}
Event: 54.475 GC heap before
{Heap before GC invocations=14 (full 3):
 PSYoungGen      total 284672K, used 284453K [0x00000000d5580000, 0x00000000ea580000, 0x0000000100000000)
  eden space 265728K, 100% used [0x00000000d5580000,0x00000000e5900000,0x00000000e5900000)
  from space 18944K, 98% used [0x00000000e9300000,0x00000000ea5494d0,0x00000000ea580000)
  to   space 25088K, 0% used [0x00000000e7480000,0x00000000e7480000,0x00000000e8d00000)
 ParOldGen       total 125440K, used 36535K [0x0000000080000000, 0x0000000087a80000, 0x00000000d5580000)
  object space 125440K, 29% used [0x0000000080000000,0x00000000823adea0,0x0000000087a80000)
 Metaspace       used 74529K, capacity 78060K, committed 78168K, reserved 1116160K
  class space    used 10115K, capacity 10830K, committed 10880K, reserved 1048576K
Event: 54.922 GC heap after
Heap after GC invocations=14 (full 3):
 PSYoungGen      total 318976K, used 25077K [0x00000000d5580000, 0x00000000ec880000, 0x0000000100000000)
  eden space 293888K, 0% used [0x00000000d5580000,0x00000000d5580000,0x00000000e7480000)
  from space 25088K, 99% used [0x00000000e7480000,0x00000000e8cfd548,0x00000000e8d00000)
  to   space 31744K, 0% used [0x00000000ea980000,0x00000000ea980000,0x00000000ec880000)
 ParOldGen       total 125440K, used 45021K [0x0000000080000000, 0x0000000087a80000, 0x00000000d5580000)
  object space 125440K, 35% used [0x0000000080000000,0x0000000082bf7680,0x0000000087a80000)
 Metaspace       used 74529K, capacity 78060K, committed 78168K, reserved 1116160K
  class space    used 10115K, capacity 10830K, committed 10880K, reserved 1048576K
}
Event: 64.047 GC heap before
{Heap before GC invocations=15 (full 3):
 PSYoungGen      total 318976K, used 318965K [0x00000000d5580000, 0x00000000ec880000, 0x0000000100000000)
  eden space 293888K, 100% used [0x00000000d5580000,0x00000000e7480000,0x00000000e7480000)
  from space 25088K, 99% used [0x00000000e7480000,0x00000000e8cfd548,0x00000000e8d00000)
  to   space 31744K, 0% used [0x00000000ea980000,0x00000000ea980000,0x00000000ec880000)
 ParOldGen       total 125440K, used 45021K [0x0000000080000000, 0x0000000087a80000, 0x00000000d5580000)
  object space 125440K, 35% used [0x0000000080000000,0x0000000082bf7680,0x0000000087a80000)
 Metaspace       used 83657K, capacity 88054K, committed 88152K, reserved 1124352K
  class space    used 11498K, capacity 12389K, committed 12416K, reserved 1048576K
Event: 64.576 GC heap after
Heap after GC invocations=15 (full 3):
 PSYoungGen      total 325120K, used 31717K [0x00000000d5580000, 0x00000000f2900000, 0x0000000100000000)
  eden space 293376K, 0% used [0x00000000d5580000,0x00000000d5580000,0x00000000e7400000)
  from space 31744K, 99% used [0x00000000ea980000,0x00000000ec8795a8,0x00000000ec880000)
  to   space 54784K, 0% used [0x00000000e7400000,0x00000000e7400000,0x00000000ea980000)
 ParOldGen       total 125440K, used 94604K [0x0000000080000000, 0x0000000087a80000, 0x00000000d5580000)
  object space 125440K, 75% used [0x0000000080000000,0x0000000085c63180,0x0000000087a80000)
 Metaspace       used 83657K, capacity 88054K, committed 88152K, reserved 1124352K
  class space    used 11498K, capacity 12389K, committed 12416K, reserved 1048576K
}

