# JRE version: OpenJDK Runtime Environment (8.0_242-b01) (build 1.8.0_242-release-1644-b01)
# Java VM: OpenJDK 64-Bit Server VM (25.242-b01 mixed mode windows-amd64 compressed oops)
Heap:
 PSYoungGen      total 246272K, used 227594K [0x00000000d5580000, 0x00000000e6700000, 0x0000000100000000)
  eden space 220672K, 100% used [0x00000000d5580000,0x00000000e2d00000,0x00000000e2d00000)
  from space 25600K, 27% used [0x00000000e4e00000,0x00000000e54c2bc0,0x00000000e6700000)
  to   space 29696K, 30% used [0x00000000e2d00000,0x00000000e35ca718,0x00000000e4a00000)
 ParOldGen       total 187904K, used 81500K [0x0000000080000000, 0x000000008b780000, 0x00000000d5580000)
  object space 187904K, 43% used [0x0000000080000000,0x0000000084f97058,0x000000008b780000)
 Metaspace       used 81002K, capacity 85388K, committed 86360K, reserved 1124352K
  class space    used 11029K, capacity 11873K, committed 12160K, reserved 1048576K
GC Heap History (10 events):
Event: 29.705 GC heap after
Heap after GC invocations=22 (full 3):
 PSYoungGen      total 186368K, used 21491K [0x00000000d5580000, 0x00000000e5600000, 0x0000000100000000)
  eden space 164864K, 0% used [0x00000000d5580000,0x00000000d5580000,0x00000000df680000)
  from space 21504K, 99% used [0x00000000df680000,0x00000000e0b7ccb8,0x00000000e0b80000)
  to   space 32768K, 0% used [0x00000000e3600000,0x00000000e3600000,0x00000000e5600000)
 ParOldGen       total 104960K, used 71802K [0x0000000080000000, 0x0000000086680000, 0x00000000d5580000)
  object space 104960K, 68% used [0x0000000080000000,0x000000008461e858,0x0000000086680000)
 Metaspace       used 79108K, capacity 83568K, committed 83800K, reserved 1122304K
  class space    used 10989K, capacity 11895K, committed 11904K, reserved 1048576K
}
Event: 32.408 GC heap before
{Heap before GC invocations=23 (full 3):
 PSYoungGen      total 186368K, used 186355K [0x00000000d5580000, 0x00000000e5600000, 0x0000000100000000)
  eden space 164864K, 100% used [0x00000000d5580000,0x00000000df680000,0x00000000df680000)
  from space 21504K, 99% used [0x00000000df680000,0x00000000e0b7ccb8,0x00000000e0b80000)
  to   space 32768K, 0% used [0x00000000e3600000,0x00000000e3600000,0x00000000e5600000)
 ParOldGen       total 104960K, used 71802K [0x0000000080000000, 0x0000000086680000, 0x00000000d5580000)
  object space 104960K, 68% used [0x0000000080000000,0x000000008461e858,0x0000000086680000)
 Metaspace       used 80698K, capacity 85576K, committed 85848K, reserved 1122304K
  class space    used 11132K, capacity 12087K, committed 12160K, reserved 1048576K
Event: 32.713 GC heap after
Heap after GC invocations=23 (full 3):
 PSYoungGen      total 230912K, used 6487K [0x00000000d5580000, 0x00000000e5a80000, 0x0000000100000000)
  eden space 198144K, 0% used [0x00000000d5580000,0x00000000d5580000,0x00000000e1700000)
  from space 32768K, 19% used [0x00000000e3600000,0x00000000e3c55f30,0x00000000e5600000)
  to   space 31744K, 0% used [0x00000000e1700000,0x00000000e1700000,0x00000000e3600000)
 ParOldGen       total 104960K, used 92702K [0x0000000080000000, 0x0000000086680000, 0x00000000d5580000)
  object space 104960K, 88% used [0x0000000080000000,0x0000000085a878d8,0x0000000086680000)
 Metaspace       used 80698K, capacity 85576K, committed 85848K, reserved 1122304K
  class space    used 11132K, capacity 12087K, committed 12160K, reserved 1048576K
}
Event: 32.724 GC heap before
{Heap before GC invocations=24 (full 4):
 PSYoungGen      total 230912K, used 6487K [0x00000000d5580000, 0x00000000e5a80000, 0x0000000100000000)
  eden space 198144K, 0% used [0x00000000d5580000,0x00000000d5580000,0x00000000e1700000)
  from space 32768K, 19% used [0x00000000e3600000,0x00000000e3c55f30,0x00000000e5600000)
  to   space 31744K, 0% used [0x00000000e1700000,0x00000000e1700000,0x00000000e3600000)
 ParOldGen       total 104960K, used 92702K [0x0000000080000000, 0x0000000086680000, 0x00000000d5580000)
  object space 104960K, 88% used [0x0000000080000000,0x0000000085a878d8,0x0000000086680000)
 Metaspace       used 80698K, capacity 85576K, committed 85848K, reserved 1122304K
  class space    used 11132K, capacity 12087K, committed 12160K, reserved 1048576K
Event: 37.519 GC heap after
Heap after GC invocations=24 (full 4):
 PSYoungGen      total 230912K, used 0K [0x00000000d5580000, 0x00000000e5a80000, 0x0000000100000000)
  eden space 198144K, 0% used [0x00000000d5580000,0x00000000d5580000,0x00000000e1700000)
  from space 32768K, 0% used [0x00000000e3600000,0x00000000e3600000,0x00000000e5600000)
  to   space 31744K, 0% used [0x00000000e1700000,0x00000000e1700000,0x00000000e3600000)
 ParOldGen       total 187904K, used 81484K [0x0000000080000000, 0x000000008b780000, 0x00000000d5580000)
  object space 187904K, 43% used [0x0000000080000000,0x0000000084f93058,0x000000008b780000)
 Metaspace       used 80239K, capacity 84484K, committed 85848K, reserved 1122304K
  class space    used 10967K, capacity 11791K, committed 12160K, reserved 1048576K
}
Event: 42.386 GC heap before
{Heap before GC invocations=25 (full 4):
 PSYoungGen      total 230912K, used 198144K [0x00000000d5580000, 0x00000000e5a80000, 0x0000000100000000)
  eden space 198144K, 100% used [0x00000000d5580000,0x00000000e1700000,0x00000000e1700000)
  from space 32768K, 0% used [0x00000000e3600000,0x00000000e3600000,0x00000000e5600000)
  to   space 31744K, 0% used [0x00000000e1700000,0x00000000e1700000,0x00000000e3600000)
 ParOldGen       total 187904K, used 81484K [0x0000000080000000, 0x000000008b780000, 0x00000000d5580000)
  object space 187904K, 43% used [0x0000000080000000,0x0000000084f93058,0x000000008b780000)
 Metaspace       used 80695K, capacity 85046K, committed 86104K, reserved 1124352K
  class space    used 11009K, capacity 11826K, committed 12160K, reserved 1048576K
Event: 42.466 GC heap after
Heap after GC invocations=25 (full 4):
 PSYoungGen      total 229888K, used 4890K [0x00000000d5580000, 0x00000000e6c80000, 0x0000000100000000)
  eden space 198144K, 0% used [0x00000000d5580000,0x00000000d5580000,0x00000000e1700000)
  from space 31744K, 15% used [0x00000000e1700000,0x00000000e1bc6900,0x00000000e3600000)
  to   space 31232K, 0% used [0x00000000e4e00000,0x00000000e4e00000,0x00000000e6c80000)
 ParOldGen       total 187904K, used 81492K [0x0000000080000000, 0x000000008b780000, 0x00000000d5580000)
  object space 187904K, 43% used [0x0000000080000000,0x0000000084f95058,0x000000008b780000)
 Metaspace       used 80695K, capacity 85046K, committed 86104K, reserved 1124352K
  class space    used 11009K, capacity 11826K, committed 12160K, reserved 1048576K
}
Event: 44.783 GC heap before
{Heap before GC invocations=26 (full 4):
 PSYoungGen      total 229888K, used 203034K [0x00000000d5580000, 0x00000000e6c80000, 0x0000000100000000)
  eden space 198144K, 100% used [0x00000000d5580000,0x00000000e1700000,0x00000000e1700000)
  from space 31744K, 15% used [0x00000000e1700000,0x00000000e1bc6900,0x00000000e3600000)
  to   space 31232K, 0% used [0x00000000e4e00000,0x00000000e4e00000,0x00000000e6c80000)
 ParOldGen       total 187904K, used 81492K [0x0000000080000000, 0x000000008b780000, 0x00000000d5580000)
  object space 187904K, 43% used [0x0000000080000000,0x0000000084f95058,0x000000008b780000)
 Metaspace       used 80870K, capacity 85244K, committed 86104K, reserved 1124352K
  class space    used 11029K, capacity 11873K, committed 12160K, reserved 1048576K
Event: 44.832 GC heap after
Heap after GC invocations=26 (full 4):
 PSYoungGen      total 246272K, used 6922K [0x00000000d5580000, 0x00000000e6700000, 0x0000000100000000)
  eden space 220672K, 0% used [0x00000000d5580000,0x00000000d5580000,0x00000000e2d00000)
  from space 25600K, 27% used [0x00000000e4e00000,0x00000000e54c2bc0,0x00000000e6700000)
  to   space 29696K, 0% used [0x00000000e2d00000,0x00000000e2d00000,0x00000000e4a00000)
 ParOldGen       total 187904K, used 81500K [0x0000000080000000, 0x000000008b780000, 0x00000000d5580000)
  object space 187904K, 43% used [0x0000000080000000,0x0000000084f97058,0x000000008b780000)
 Metaspace       used 80870K, capacity 85244K, committed 86104K, reserved 1124352K
  class space    used 11029K, capacity 11873K, committed 12160K, reserved 1048576K
}
Event: 48.493 GC heap before
{Heap before GC invocations=27 (full 4):
 PSYoungGen      total 246272K, used 227594K [0x00000000d5580000, 0x00000000e6700000, 0x0000000100000000)
  eden space 220672K, 100% used [0x00000000d5580000,0x00000000e2d00000,0x00000000e2d00000)
  from space 25600K, 27% used [0x00000000e4e00000,0x00000000e54c2bc0,0x00000000e6700000)
  to   space 29696K, 0% used [0x00000000e2d00000,0x00000000e2d00000,0x00000000e4a00000)
 ParOldGen       total 187904K, used 81500K [0x0000000080000000, 0x000000008b780000, 0x00000000d5580000)
  object space 187904K, 43% used [0x0000000080000000,0x0000000084f97058,0x000000008b780000)
 Metaspace       used 81002K, capacity 85388K, committed 86360K, reserved 1124352K
  class space    used 11029K, capacity 11873K, committed 12160K, reserved 1048576K

